2023-09-11 20:41:25,707 - tensorflow - WARNING - Callback method `on_train_batch_end` is slow compared to the batch time (batch time: 0.1647s vs `on_train_batch_end` time: 0.5964s). Check your callbacks.
2023-09-11 20:43:26,936 - root - INFO - Epoch 0; loss: 214.13829040527344; CER: 1.1841984987258911; WER: 1.6155567169189453; val_loss: 115.60577392578125; val_CER: 0.9766356348991394; val_WER: 1.004258394241333
2023-09-11 20:45:27,911 - root - INFO - Epoch 1; loss: 114.28849029541016; CER: 0.9784433245658875; WER: 1.0776973962783813; val_loss: 117.38945007324219; val_CER: 0.9786565899848938; val_WER: 1.0014785528182983
2023-09-11 20:47:29,121 - root - INFO - Epoch 2; loss: 113.53217315673828; CER: 0.9694902300834656; WER: 1.0516623258590698; val_loss: 110.56267547607422; val_CER: 0.9782149195671082; val_WER: 1.0013011693954468
2023-09-11 20:49:30,385 - root - INFO - Epoch 3; loss: 108.7959213256836; CER: 0.9910845756530762; WER: 1.0008199214935303; val_loss: 107.4615478515625; val_CER: 1.0; val_WER: 1.0
2023-09-11 20:51:31,850 - root - INFO - Epoch 4; loss: 107.33600616455078; CER: 0.9998692274093628; WER: 0.999991238117218; val_loss: 111.25758361816406; val_CER: 0.9942118525505066; val_WER: 1.0
2023-09-11 20:53:33,457 - root - INFO - Epoch 5; loss: 106.73921203613281; CER: 0.9979497790336609; WER: 0.9998881816864014; val_loss: 125.5073013305664; val_CER: 0.9950766563415527; val_WER: 1.0007097721099854
2023-09-11 20:55:35,251 - root - INFO - Epoch 6; loss: 98.61518096923828; CER: 0.9028030633926392; WER: 1.0150065422058105; val_loss: 91.55565643310547; val_CER: 0.8440860509872437; val_WER: 1.019002914428711
2023-09-11 20:57:37,044 - root - INFO - Epoch 7; loss: 83.0650634765625; CER: 0.7272117733955383; WER: 0.9949548244476318; val_loss: 75.5642318725586; val_CER: 0.6789239645004272; val_WER: 0.9640699028968811
2023-09-11 20:59:39,115 - root - INFO - Epoch 8; loss: 74.0090560913086; CER: 0.6429005265235901; WER: 0.9390754699707031; val_loss: 66.83116149902344; val_CER: 0.5934070348739624; val_WER: 0.8713165521621704
2023-09-11 21:01:40,885 - root - INFO - Epoch 9; loss: 59.63773727416992; CER: 0.5106743574142456; WER: 0.8402867317199707; val_loss: 51.769981384277344; val_CER: 0.4561551511287689; val_WER: 0.8086859583854675
2023-09-11 21:03:42,477 - root - INFO - Epoch 10; loss: 44.2901496887207; CER: 0.376648485660553; WER: 0.745400071144104; val_loss: 37.81605911254883; val_CER: 0.32976919412612915; val_WER: 0.6964529752731323
2023-09-11 21:05:44,295 - root - INFO - Epoch 11; loss: 34.22465515136719; CER: 0.289514422416687; WER: 0.6574909090995789; val_loss: 24.91811752319336; val_CER: 0.21077121794223785; val_WER: 0.5338459014892578
2023-09-11 21:07:46,015 - root - INFO - Epoch 12; loss: 28.23708724975586; CER: 0.23859652876853943; WER: 0.5872701406478882; val_loss: 21.470840454101562; val_CER: 0.1806028038263321; val_WER: 0.48318833112716675
2023-09-11 21:09:48,328 - root - INFO - Epoch 13; loss: 24.487491607666016; CER: 0.20815396308898926; WER: 0.5384429693222046; val_loss: 19.15654182434082; val_CER: 0.16588450968265533; val_WER: 0.44721904397010803
2023-09-11 21:11:50,387 - root - INFO - Epoch 14; loss: 21.67816734313965; CER: 0.18583279848098755; WER: 0.5007455945014954; val_loss: 17.077045440673828; val_CER: 0.14370743930339813; val_WER: 0.41052207350730896
2023-09-11 21:13:51,876 - root - INFO - Epoch 15; loss: 19.89230728149414; CER: 0.16993670165538788; WER: 0.46725425124168396; val_loss: 29.105167388916016; val_CER: 0.2644399106502533; val_WER: 0.6789566278457642
2023-09-11 21:15:53,842 - root - INFO - Epoch 16; loss: 18.143531799316406; CER: 0.15706464648246765; WER: 0.4422214925289154; val_loss: 14.921259880065918; val_CER: 0.12649722397327423; val_WER: 0.3554830551147461
2023-09-11 21:17:55,323 - root - INFO - Epoch 17; loss: 16.68008804321289; CER: 0.1444718986749649; WER: 0.4166952669620514; val_loss: 15.148640632629395; val_CER: 0.12691399455070496; val_WER: 0.35237765312194824
2023-09-11 21:19:56,779 - root - INFO - Epoch 18; loss: 15.55612564086914; CER: 0.13524052500724792; WER: 0.3935561180114746; val_loss: 13.66970443725586; val_CER: 0.11536329239606857; val_WER: 0.3314579129219055
2023-09-11 21:21:58,445 - root - INFO - Epoch 19; loss: 14.850096702575684; CER: 0.12884923815727234; WER: 0.37883687019348145; val_loss: 13.092487335205078; val_CER: 0.11032940447330475; val_WER: 0.31472155451774597
2023-09-11 21:24:00,029 - root - INFO - Epoch 20; loss: 13.798441886901855; CER: 0.11990531533956528; WER: 0.35764867067337036; val_loss: 12.899194717407227; val_CER: 0.1030275747179985; val_WER: 0.2968708574771881
2023-09-11 21:26:01,521 - root - INFO - Epoch 21; loss: 13.062164306640625; CER: 0.11320111900568008; WER: 0.343169242143631; val_loss: 11.174515724182129; val_CER: 0.09575155377388; val_WER: 0.2728290855884552
2023-09-11 21:28:02,860 - root - INFO - Epoch 22; loss: 12.375702857971191; CER: 0.10737074911594391; WER: 0.32921305298805237; val_loss: 11.532578468322754; val_CER: 0.0980009138584137; val_WER: 0.2798951268196106
2023-09-11 21:30:04,599 - root - INFO - Epoch 23; loss: 11.971658706665039; CER: 0.10525725036859512; WER: 0.32147276401519775; val_loss: 10.712160110473633; val_CER: 0.09291361272335052; val_WER: 0.27000272274017334
2023-09-11 21:32:05,844 - root - INFO - Epoch 24; loss: 11.191047668457031; CER: 0.09808347374200821; WER: 0.3051165044307709; val_loss: 11.91963005065918; val_CER: 0.10163285583257675; val_WER: 0.297137975692749
2023-09-11 21:34:07,477 - root - INFO - Epoch 25; loss: 10.599149703979492; CER: 0.09290998429059982; WER: 0.29427680373191833; val_loss: 10.310187339782715; val_CER: 0.08703511208295822; val_WER: 0.25295326113700867
2023-09-11 21:36:09,069 - root - INFO - Epoch 26; loss: 10.251559257507324; CER: 0.0893910825252533; WER: 0.28590911626815796; val_loss: 10.116360664367676; val_CER: 0.08362972736358643; val_WER: 0.2503821849822998
2023-09-11 21:38:10,571 - root - INFO - Epoch 27; loss: 9.87739086151123; CER: 0.08500406891107559; WER: 0.27683430910110474; val_loss: 9.793195724487305; val_CER: 0.07983171194791794; val_WER: 0.24061042070388794
2023-09-11 21:40:12,506 - root - INFO - Epoch 28; loss: 9.36728286743164; CER: 0.08155520260334015; WER: 0.2695102095603943; val_loss: 9.432741165161133; val_CER: 0.07561591267585754; val_WER: 0.2409965991973877
2023-09-11 21:42:13,945 - root - INFO - Epoch 29; loss: 9.00614070892334; CER: 0.07707679271697998; WER: 0.25820860266685486; val_loss: 9.870046615600586; val_CER: 0.07664341479539871; val_WER: 0.24196481704711914
2023-09-11 21:44:15,873 - root - INFO - Epoch 30; loss: 8.697868347167969; CER: 0.07432065904140472; WER: 0.2522086203098297; val_loss: 9.52391529083252; val_CER: 0.06870698183774948; val_WER: 0.22806783020496368
2023-09-11 21:46:17,157 - root - INFO - Epoch 31; loss: 8.877394676208496; CER: 0.07857716083526611; WER: 0.2562391459941864; val_loss: 10.136093139648438; val_CER: 0.07692229747772217; val_WER: 0.2467626929283142
2023-09-11 21:48:19,060 - root - INFO - Epoch 32; loss: 7.940977096557617; CER: 0.06743497401475906; WER: 0.23549161851406097; val_loss: 9.148157119750977; val_CER: 0.06961535662412643; val_WER: 0.22565095126628876
2023-09-11 21:50:20,901 - root - INFO - Epoch 33; loss: 7.66008996963501; CER: 0.06458098441362381; WER: 0.22952838242053986; val_loss: 9.185361862182617; val_CER: 0.06478557735681534; val_WER: 0.21596594154834747
2023-09-11 21:52:22,685 - root - INFO - Epoch 34; loss: 7.488436222076416; CER: 0.06307237595319748; WER: 0.22431603074073792; val_loss: 9.185044288635254; val_CER: 0.06772473454475403; val_WER: 0.22180043160915375
2023-09-11 21:54:24,882 - root - INFO - Epoch 35; loss: 7.217284202575684; CER: 0.062039509415626526; WER: 0.22032123804092407; val_loss: 9.253826141357422; val_CER: 0.06828822195529938; val_WER: 0.22332578897476196
2023-09-11 21:56:27,755 - root - INFO - Epoch 36; loss: 6.941286087036133; CER: 0.059968236833810806; WER: 0.2140708565711975; val_loss: 8.551118850708008; val_CER: 0.06040606275200844; val_WER: 0.20416736602783203
2023-09-11 21:58:29,857 - root - INFO - Epoch 37; loss: 6.778812408447266; CER: 0.057987045496702194; WER: 0.2082289308309555; val_loss: 15.644357681274414; val_CER: 0.11961299926042557; val_WER: 0.36280298233032227
2023-09-11 22:00:32,568 - root - INFO - Epoch 38; loss: 6.642496585845947; CER: 0.05809909105300903; WER: 0.20732249319553375; val_loss: 8.960672378540039; val_CER: 0.06293516606092453; val_WER: 0.21222621202468872
2023-09-11 22:02:34,965 - root - INFO - Epoch 39; loss: 6.288783073425293; CER: 0.05418746918439865; WER: 0.19909454882144928; val_loss: 108.67568969726562; val_CER: 0.609018087387085; val_WER: 0.964678943157196
2023-09-11 22:04:36,922 - root - INFO - Epoch 40; loss: 6.121535778045654; CER: 0.052823908627033234; WER: 0.19373314082622528; val_loss: 176.177490234375; val_CER: 0.8732801079750061; val_WER: 0.9898003339767456
2023-09-11 22:06:39,163 - root - INFO - Epoch 41; loss: 5.951157093048096; CER: 0.050758782774209976; WER: 0.18795543909072876; val_loss: 8.363850593566895; val_CER: 0.06183343753218651; val_WER: 0.20304575562477112
2023-09-11 22:08:41,358 - root - INFO - Epoch 42; loss: 5.657770156860352; CER: 0.050142668187618256; WER: 0.18362079560756683; val_loss: 22.840011596679688; val_CER: 0.16079643368721008; val_WER: 0.46021950244903564
2023-09-11 22:10:42,892 - root - INFO - Epoch 43; loss: 5.632047176361084; CER: 0.048655346035957336; WER: 0.1815817952156067; val_loss: 8.774377822875977; val_CER: 0.06256522238254547; val_WER: 0.20347918570041656
2023-09-11 22:12:44,774 - root - INFO - Epoch 44; loss: 5.6884002685546875; CER: 0.05091450363397598; WER: 0.1845080703496933; val_loss: 8.186084747314453; val_CER: 0.06443620473146439; val_WER: 0.2002672404050827
2023-09-11 22:14:45,995 - root - INFO - Epoch 45; loss: 5.193408012390137; CER: 0.044286977499723434; WER: 0.16884461045265198; val_loss: 8.82823657989502; val_CER: 0.06218560412526131; val_WER: 0.20112082362174988
2023-09-11 22:16:47,439 - root - INFO - Epoch 46; loss: 4.88746452331543; CER: 0.04257807508111; WER: 0.16364020109176636; val_loss: 8.495022773742676; val_CER: 0.05997203290462494; val_WER: 0.2001762092113495
2023-09-11 22:18:49,012 - root - INFO - Epoch 47; loss: 4.7528557777404785; CER: 0.04112756624817848; WER: 0.15799637138843536; val_loss: 8.437674522399902; val_CER: 0.056663718074560165; val_WER: 0.19024816155433655
2023-09-11 22:20:50,028 - root - INFO - Epoch 48; loss: 4.658557415008545; CER: 0.03962492197751999; WER: 0.1529892235994339; val_loss: 10.364179611206055; val_CER: 0.07039086520671844; val_WER: 0.22605861723423004
2023-09-11 22:22:51,428 - root - INFO - Epoch 49; loss: 4.570483684539795; CER: 0.03988451510667801; WER: 0.15508167445659637; val_loss: 8.208334922790527; val_CER: 0.05649411678314209; val_WER: 0.19237574934959412
2023-09-11 22:24:52,743 - root - INFO - Epoch 50; loss: 4.4322309494018555; CER: 0.038660928606987; WER: 0.15138787031173706; val_loss: 9.00650691986084; val_CER: 0.05913745239377022; val_WER: 0.1999388486146927
2023-09-11 22:26:53,693 - root - INFO - Epoch 51; loss: 4.373056888580322; CER: 0.03851684555411339; WER: 0.14883774518966675; val_loss: 8.625123023986816; val_CER: 0.05581403523683548; val_WER: 0.1871299147605896
2023-09-11 22:28:54,816 - root - INFO - Epoch 52; loss: 4.241133689880371; CER: 0.03734634816646576; WER: 0.14596745371818542; val_loss: 8.413477897644043; val_CER: 0.054612960666418076; val_WER: 0.18549461662769318
2023-09-11 22:30:55,812 - root - INFO - Epoch 53; loss: 4.119954586029053; CER: 0.03727567195892334; WER: 0.14335088431835175; val_loss: 8.812272071838379; val_CER: 0.05586083605885506; val_WER: 0.1921183317899704
2023-09-11 22:32:57,362 - root - INFO - Epoch 54; loss: 4.041366100311279; CER: 0.03509841114282608; WER: 0.14018471539020538; val_loss: 8.08733081817627; val_CER: 0.055221207439899445; val_WER: 0.1892537921667099
2023-09-11 22:34:58,298 - root - INFO - Epoch 55; loss: 4.059880256652832; CER: 0.036315273493528366; WER: 0.14248107373714447; val_loss: 8.58055591583252; val_CER: 0.060474880039691925; val_WER: 0.18826469779014587
2023-09-11 22:36:59,161 - root - INFO - Epoch 56; loss: 4.064431667327881; CER: 0.03564080223441124; WER: 0.1404140591621399; val_loss: 9.050020217895508; val_CER: 0.06820672005414963; val_WER: 0.19685329496860504
2023-09-11 22:39:00,381 - root - INFO - Epoch 57; loss: 3.819742202758789; CER: 0.03401530906558037; WER: 0.13380685448646545; val_loss: 8.6461763381958; val_CER: 0.05646244063973427; val_WER: 0.19138875603675842
2023-09-11 22:41:01,555 - root - INFO - Epoch 58; loss: 3.498476028442383; CER: 0.030669575557112694; WER: 0.12414862960577011; val_loss: 8.145036697387695; val_CER: 0.05186627432703972; val_WER: 0.17625528573989868
2023-09-11 22:43:02,500 - root - INFO - Epoch 59; loss: 3.4081873893737793; CER: 0.029816094785928726; WER: 0.12164269387722015; val_loss: 8.591782569885254; val_CER: 0.05359753593802452; val_WER: 0.18079225718975067
2023-09-11 22:45:03,256 - root - INFO - Epoch 60; loss: 3.3253397941589355; CER: 0.029385773465037346; WER: 0.12059761583805084; val_loss: 8.330865859985352; val_CER: 0.053321611136198044; val_WER: 0.17985767126083374
2023-09-11 22:47:04,055 - root - INFO - Epoch 61; loss: 3.3744394779205322; CER: 0.03030852973461151; WER: 0.1213059350848198; val_loss: 8.628385543823242; val_CER: 0.052961334586143494; val_WER: 0.18094471096992493
2023-09-11 22:49:04,836 - root - INFO - Epoch 62; loss: 3.235107660293579; CER: 0.028477564454078674; WER: 0.11625216156244278; val_loss: 12.496747016906738; val_CER: 0.07400519400835037; val_WER: 0.23593488335609436
2023-09-11 22:51:06,035 - root - INFO - Epoch 63; loss: 3.207338809967041; CER: 0.028741251677274704; WER: 0.1185133159160614; val_loss: 8.586908340454102; val_CER: 0.05350125581026077; val_WER: 0.17944936454296112
2023-09-11 22:53:06,825 - root - INFO - Epoch 64; loss: 2.955716609954834; CER: 0.026302704587578773; WER: 0.10802453756332397; val_loss: 8.560039520263672; val_CER: 0.05521182715892792; val_WER: 0.17852523922920227
2023-09-11 22:55:08,018 - root - INFO - Epoch 65; loss: 2.8493781089782715; CER: 0.025116730481386185; WER: 0.10425117611885071; val_loss: 8.646214485168457; val_CER: 0.05209752917289734; val_WER: 0.17918680608272552
2023-09-11 22:57:08,830 - root - INFO - Epoch 66; loss: 2.8174009323120117; CER: 0.02487678825855255; WER: 0.10283555090427399; val_loss: 8.374149322509766; val_CER: 0.0514373779296875; val_WER: 0.17481449246406555
2023-09-11 22:59:09,721 - root - INFO - Epoch 67; loss: 2.82553768157959; CER: 0.025148065760731697; WER: 0.1038033738732338; val_loss: 8.553143501281738; val_CER: 0.050800666213035583; val_WER: 0.17392921447753906
2023-09-11 23:01:10,507 - root - INFO - Epoch 68; loss: 2.7426962852478027; CER: 0.025130320340394974; WER: 0.10460886359214783; val_loss: 10.302886009216309; val_CER: 0.0626654177904129; val_WER: 0.20952260494232178
2023-09-11 23:03:11,100 - root - INFO - Epoch 69; loss: 2.672327995300293; CER: 0.02349698171019554; WER: 0.09929775446653366; val_loss: 9.991711616516113; val_CER: 0.05818461254239082; val_WER: 0.1930781751871109
2023-09-11 23:05:11,837 - root - INFO - Epoch 70; loss: 2.6666862964630127; CER: 0.023853342980146408; WER: 0.10000116378068924; val_loss: 8.768119812011719; val_CER: 0.05148117616772652; val_WER: 0.17633883655071259
2023-09-11 23:07:12,983 - root - INFO - Epoch 71; loss: 2.558488607406616; CER: 0.023548800498247147; WER: 0.09776249527931213; val_loss: 170.03155517578125; val_CER: 0.774499773979187; val_WER: 0.9804621934890747
2023-09-11 23:09:13,602 - root - INFO - Epoch 72; loss: 2.5379748344421387; CER: 0.023121226578950882; WER: 0.09673864394426346; val_loss: 8.363786697387695; val_CER: 0.051257774233818054; val_WER: 0.1739962249994278
2023-09-11 23:11:14,375 - root - INFO - Epoch 73; loss: 2.414869546890259; CER: 0.021311534568667412; WER: 0.0907786637544632; val_loss: 8.751731872558594; val_CER: 0.05205300822854042; val_WER: 0.1799909919500351
2023-09-11 23:13:14,959 - root - INFO - Epoch 74; loss: 2.3764498233795166; CER: 0.021774359047412872; WER: 0.09141480177640915; val_loss: 8.654742240905762; val_CER: 0.05104907602071762; val_WER: 0.17373082041740417
2023-09-11 23:15:15,763 - root - INFO - Epoch 75; loss: 2.536504030227661; CER: 0.02232351526618004; WER: 0.0922233909368515; val_loss: 8.851703643798828; val_CER: 0.052407409995794296; val_WER: 0.17612281441688538
2023-09-11 23:17:17,338 - root - INFO - Epoch 76; loss: 2.3342037200927734; CER: 0.021238720044493675; WER: 0.0899832621216774; val_loss: 8.141718864440918; val_CER: 0.050155773758888245; val_WER: 0.170761838555336
2023-09-11 23:19:18,822 - root - INFO - Epoch 77; loss: 2.270751714706421; CER: 0.020506292581558228; WER: 0.08775933086872101; val_loss: 8.500975608825684; val_CER: 0.0487237274646759; val_WER: 0.1688145250082016
2023-09-11 23:21:19,551 - root - INFO - Epoch 78; loss: 2.19083833694458; CER: 0.019696617498993874; WER: 0.08408384025096893; val_loss: 9.173715591430664; val_CER: 0.053527798503637314; val_WER: 0.18102890253067017
2023-09-11 23:23:20,652 - root - INFO - Epoch 79; loss: 2.1049997806549072; CER: 0.019026748836040497; WER: 0.08138155192136765; val_loss: 8.630148887634277; val_CER: 0.04946272820234299; val_WER: 0.1705821305513382
2023-09-11 23:25:22,182 - root - INFO - Epoch 80; loss: 2.1889169216156006; CER: 0.019792240113019943; WER: 0.08383680880069733; val_loss: 9.249711036682129; val_CER: 0.050799135118722916; val_WER: 0.17226414382457733
2023-09-11 23:27:23,813 - root - INFO - Epoch 81; loss: 2.105743408203125; CER: 0.0194432083517313; WER: 0.08243272453546524; val_loss: 8.974666595458984; val_CER: 0.05335686728358269; val_WER: 0.1766960769891739
2023-09-11 23:29:25,064 - root - INFO - Epoch 82; loss: 2.0566725730895996; CER: 0.0189085453748703; WER: 0.07993593066930771; val_loss: 9.168960571289062; val_CER: 0.052487559616565704; val_WER: 0.17499473690986633
2023-09-11 23:31:26,298 - root - INFO - Epoch 83; loss: 1.9757862091064453; CER: 0.01795179955661297; WER: 0.07713329046964645; val_loss: 8.922663688659668; val_CER: 0.05188688263297081; val_WER: 0.17157603800296783
2023-09-11 23:33:27,786 - root - INFO - Epoch 84; loss: 1.9806132316589355; CER: 0.01792442612349987; WER: 0.07571966201066971; val_loss: 9.142383575439453; val_CER: 0.05172159895300865; val_WER: 0.17325139045715332
2023-09-11 23:35:28,410 - root - INFO - Epoch 85; loss: 1.882997989654541; CER: 0.017408572137355804; WER: 0.07451806217432022; val_loss: 8.763848304748535; val_CER: 0.048999886959791183; val_WER: 0.1672263890504837
2023-09-11 23:37:29,635 - root - INFO - Epoch 86; loss: 1.822722315788269; CER: 0.01688930206000805; WER: 0.0740031749010086; val_loss: 8.72535228729248; val_CER: 0.04900488257408142; val_WER: 0.16892658174037933
2023-09-11 23:39:31,362 - root - INFO - Epoch 87; loss: 1.847302794456482; CER: 0.017122073099017143; WER: 0.07530747354030609; val_loss: 8.680292129516602; val_CER: 0.04845057427883148; val_WER: 0.16616302728652954
2023-09-11 23:41:33,069 - root - INFO - Epoch 88; loss: 1.8661231994628906; CER: 0.017134804278612137; WER: 0.07403291761875153; val_loss: 8.830034255981445; val_CER: 0.04800005629658699; val_WER: 0.1663312017917633
2023-09-11 23:43:36,579 - root - INFO - Epoch 89; loss: 1.8372083902359009; CER: 0.016844430938363075; WER: 0.07238010317087173; val_loss: 8.61992073059082; val_CER: 0.046257734298706055; val_WER: 0.16111302375793457
2023-09-11 23:45:39,502 - root - INFO - Epoch 90; loss: 1.7981845140457153; CER: 0.016504250466823578; WER: 0.07121943682432175; val_loss: 9.030684471130371; val_CER: 0.04649743437767029; val_WER: 0.16194620728492737
2023-09-11 23:47:43,094 - root - INFO - Epoch 91; loss: 1.7067776918411255; CER: 0.016033301129937172; WER: 0.06887625902891159; val_loss: 206.9547882080078; val_CER: 0.8737903237342834; val_WER: 0.9685479402542114
2023-09-11 23:49:46,025 - root - INFO - Epoch 92; loss: 1.7555750608444214; CER: 0.016231458634138107; WER: 0.07096429914236069; val_loss: 9.031743049621582; val_CER: 0.047196414321660995; val_WER: 0.1649666726589203
2023-09-11 23:51:49,877 - root - INFO - Epoch 93; loss: 1.6793285608291626; CER: 0.015364008024334908; WER: 0.06787526607513428; val_loss: 10.833986282348633; val_CER: 0.05926848202943802; val_WER: 0.20018506050109863
2023-09-11 23:53:53,438 - root - INFO - Epoch 94; loss: 1.7062569856643677; CER: 0.015366912819445133; WER: 0.06714052706956863; val_loss: 9.454792976379395; val_CER: 0.051861874759197235; val_WER: 0.1763674020767212
2023-09-11 23:55:56,436 - root - INFO - Epoch 95; loss: 1.577508807182312; CER: 0.01433410681784153; WER: 0.06355094909667969; val_loss: 9.091029167175293; val_CER: 0.04670875146985054; val_WER: 0.16489413380622864
2023-09-11 23:57:59,986 - root - INFO - Epoch 96; loss: 1.5228735208511353; CER: 0.014210904948413372; WER: 0.06230040639638901; val_loss: 9.146507263183594; val_CER: 0.047368332743644714; val_WER: 0.16430826485157013
2023-09-12 00:00:03,783 - root - INFO - Epoch 97; loss: 1.5048091411590576; CER: 0.014124058187007904; WER: 0.06156795099377632; val_loss: 9.006902694702148; val_CER: 0.04742400348186493; val_WER: 0.1626073718070984
2023-09-12 00:02:07,583 - root - INFO - Epoch 98; loss: 1.4759982824325562; CER: 0.013724341988563538; WER: 0.06158431991934776; val_loss: 9.313156127929688; val_CER: 0.046178873628377914; val_WER: 0.16172172129154205
2023-09-12 00:04:08,880 - root - INFO - Epoch 99; loss: 1.5152531862258911; CER: 0.013830184005200863; WER: 0.06172771379351616; val_loss: 12.001800537109375; val_CER: 0.06454750150442123; val_WER: 0.21098965406417847
2023-09-12 00:04:10,212 - tf2onnx.tf_loader - WARNING - Could not search for non-variable resources. Concrete function internal representation may have changed.
2023-09-12 00:04:11,942 - tf2onnx.tfonnx - INFO - Using tensorflow=2.13.0, onnx=1.14.1, tf2onnx=1.15.1/37820d
2023-09-12 00:04:11,942 - tf2onnx.tfonnx - INFO - Using opset <onnx, 15>
2023-09-12 00:04:12,099 - tf2onnx.tf_utils - INFO - Computed 0 values for constant folding
2023-09-12 00:04:12,105 - tf2onnx.tf_utils - INFO - Computed 0 values for constant folding
2023-09-12 00:04:12,111 - tf2onnx.tf_utils - INFO - Computed 0 values for constant folding
2023-09-12 00:04:12,113 - tf2onnx.tf_utils - INFO - Computed 0 values for constant folding
2023-09-12 00:04:12,115 - tf2onnx.tf_utils - INFO - Computed 0 values for constant folding
2023-09-12 00:04:12,117 - tf2onnx.tf_utils - INFO - Computed 0 values for constant folding
2023-09-12 00:04:12,123 - tf2onnx.tf_utils - INFO - Computed 0 values for constant folding
2023-09-12 00:04:12,125 - tf2onnx.tf_utils - INFO - Computed 0 values for constant folding
2023-09-12 00:04:12,169 - tf2onnx.tf_utils - INFO - Computed 2 values for constant folding
2023-09-12 00:04:12,273 - tf2onnx.tfonnx - INFO - folding node using tf type=StridedSlice, name=model/bidirectional/forward_lstm/PartitionedCall/strided_slice
2023-09-12 00:04:12,273 - tf2onnx.tfonnx - INFO - folding node using tf type=StridedSlice, name=model/bidirectional/backward_lstm/PartitionedCall/strided_slice
2023-09-12 00:04:12,423 - tf2onnx.optimizer - INFO - Optimizing ONNX model
2023-09-12 00:04:13,152 - tf2onnx.optimizer - INFO - After optimization: BatchNormalization -18 (18->0), Cast -8 (17->9), Concat -8 (17->9), Const -173 (243->70), Expand -6 (8->2), Gather +3 (2->5), Identity -2 (2->0), Shape -2 (6->4), Slice -2 (9->7), Squeeze -5 (9->4), Transpose -86 (90->4), Unsqueeze -25 (29->4)
